{"/Users/tim/Desktop/code/movie-app/api/detail.ts": {"path":"/Users/tim/Desktop/code/movie-app/api/detail.ts","statementMap":{"0":{"start":{"line":9,"column":30},"end":{"line":18,"column":1}},"1":{"start":{"line":10,"column":26},"end":{"line":10,"column":32}},"2":{"start":{"line":11,"column":14},"end":{"line":13,"column":3}},"3":{"start":{"line":14,"column":2},"end":{"line":14,"column":24}},"4":{"start":{"line":15,"column":2},"end":{"line":17,"column":3}},"5":{"start":{"line":16,"column":4},"end":{"line":16,"column":23}}},"fnMap":{"0":{"name":"(anonymous_0)","decl":{"start":{"line":9,"column":30},"end":{"line":9,"column":31}},"loc":{"start":{"line":9,"column":70},"end":{"line":18,"column":1}},"line":9}},"branchMap":{"0":{"loc":{"start":{"line":15,"column":2},"end":{"line":17,"column":3}},"type":"if","locations":[{"start":{"line":15,"column":2},"end":{"line":17,"column":3}},{"start":{"line":15,"column":2},"end":{"line":17,"column":3}}],"line":15}},"s":{"0":1,"1":1,"2":1,"3":0,"4":0,"5":0},"f":{"0":1},"b":{"0":[0,0]},"_coverageSchema":"43e27e138ebf9cfc5966b082cf9a028302ed4184","hash":"475278de606dcc297ddfc476859ef4f363dd3ebb"}
,"/Users/tim/Desktop/code/movie-app/api/list.ts": {"path":"/Users/tim/Desktop/code/movie-app/api/list.ts","statementMap":{"0":{"start":{"line":10,"column":28},"end":{"line":18,"column":1}},"1":{"start":{"line":11,"column":32},"end":{"line":11,"column":38}},"2":{"start":{"line":12,"column":14},"end":{"line":14,"column":3}},"3":{"start":{"line":15,"column":2},"end":{"line":17,"column":3}},"4":{"start":{"line":16,"column":4},"end":{"line":16,"column":30}}},"fnMap":{"0":{"name":"(anonymous_0)","decl":{"start":{"line":10,"column":28},"end":{"line":10,"column":29}},"loc":{"start":{"line":10,"column":66},"end":{"line":18,"column":1}},"line":10}},"branchMap":{"0":{"loc":{"start":{"line":15,"column":2},"end":{"line":17,"column":3}},"type":"if","locations":[{"start":{"line":15,"column":2},"end":{"line":17,"column":3}},{"start":{"line":15,"column":2},"end":{"line":17,"column":3}}],"line":15},"1":{"loc":{"start":{"line":15,"column":6},"end":{"line":15,"column":33}},"type":"binary-expr","locations":[{"start":{"line":15,"column":6},"end":{"line":15,"column":14}},{"start":{"line":15,"column":18},"end":{"line":15,"column":33}}],"line":15}},"s":{"0":1,"1":3,"2":3,"3":0,"4":0},"f":{"0":3},"b":{"0":[0,0],"1":[0,0]},"_coverageSchema":"43e27e138ebf9cfc5966b082cf9a028302ed4184","hash":"5982a538ff338f430ce349b84cfa56eca11a8ea0"}
,"/Users/tim/Desktop/code/movie-app/assets/icon-arrow-left.png": {"path":"/Users/tim/Desktop/code/movie-app/assets/icon-arrow-left.png","statementMap":{"0":{"start":{"line":1,"column":0},"end":{"line":1,"column":19}}},"fnMap":{},"branchMap":{},"s":{"0":1},"f":{},"b":{},"_coverageSchema":"43e27e138ebf9cfc5966b082cf9a028302ed4184","hash":"98598043c53fd87ea21bda7b2320bf802c0d5f4f"}
,"/Users/tim/Desktop/code/movie-app/components/index.ts": {"path":"/Users/tim/Desktop/code/movie-app/components/index.ts","statementMap":{},"fnMap":{},"branchMap":{},"s":{},"f":{},"b":{},"_coverageSchema":"43e27e138ebf9cfc5966b082cf9a028302ed4184","hash":"deb27df6eaf155f3653007b2ad80e6dd00f6276f"}
,"/Users/tim/Desktop/code/movie-app/components/BackButton/index.tsx": {"path":"/Users/tim/Desktop/code/movie-app/components/BackButton/index.tsx","statementMap":{"0":{"start":{"line":4,"column":15},"end":{"line":10,"column":2}},"1":{"start":{"line":12,"column":19},"end":{"line":17,"column":1}},"2":{"start":{"line":13,"column":2},"end":{"line":16,"column":4}}},"fnMap":{"0":{"name":"(anonymous_0)","decl":{"start":{"line":12,"column":19},"end":{"line":12,"column":20}},"loc":{"start":{"line":13,"column":2},"end":{"line":16,"column":4}},"line":13}},"branchMap":{},"s":{"0":3,"1":3,"2":1},"f":{"0":1},"b":{},"_coverageSchema":"43e27e138ebf9cfc5966b082cf9a028302ed4184","hash":"576d6055bef33aec2aa122a611bce74e1e50d2ea"}
,"/Users/tim/Desktop/code/movie-app/components/CardMovie/index.tsx": {"path":"/Users/tim/Desktop/code/movie-app/components/CardMovie/index.tsx","statementMap":{"0":{"start":{"line":31,"column":42},"end":{"line":31,"column":47}},"1":{"start":{"line":33,"column":27},"end":{"line":37,"column":3}},"2":{"start":{"line":34,"column":4},"end":{"line":36,"column":5}},"3":{"start":{"line":35,"column":6},"end":{"line":35,"column":22}},"4":{"start":{"line":39,"column":2},"end":{"line":61,"column":4}}},"fnMap":{"0":{"name":"(anonymous_0)","decl":{"start":{"line":30,"column":15},"end":{"line":30,"column":16}},"loc":{"start":{"line":30,"column":70},"end":{"line":62,"column":1}},"line":30},"1":{"name":"(anonymous_1)","decl":{"start":{"line":33,"column":27},"end":{"line":33,"column":28}},"loc":{"start":{"line":33,"column":33},"end":{"line":37,"column":3}},"line":33}},"branchMap":{"0":{"loc":{"start":{"line":34,"column":4},"end":{"line":36,"column":5}},"type":"if","locations":[{"start":{"line":34,"column":4},"end":{"line":36,"column":5}},{"start":{"line":34,"column":4},"end":{"line":36,"column":5}}],"line":34}},"s":{"0":3,"1":3,"2":1,"3":1,"4":3},"f":{"0":3,"1":1},"b":{"0":[1,0]},"_coverageSchema":"43e27e138ebf9cfc5966b082cf9a028302ed4184","hash":"719287e0e98074c3c9b11b75875d6c9fd09fda43"}
,"/Users/tim/Desktop/code/movie-app/components/CardMovie/style.ts": {"path":"/Users/tim/Desktop/code/movie-app/components/CardMovie/style.ts","statementMap":{"0":{"start":{"line":3,"column":26},"end":{"line":5,"column":1}},"1":{"start":{"line":6,"column":28},"end":{"line":9,"column":1}},"2":{"start":{"line":7,"column":19},"end":{"line":7,"column":46}},"3":{"start":{"line":8,"column":20},"end":{"line":8,"column":49}},"4":{"start":{"line":11,"column":34},"end":{"line":15,"column":1}},"5":{"start":{"line":14,"column":19},"end":{"line":14,"column":58}},"6":{"start":{"line":16,"column":27},"end":{"line":22,"column":1}},"7":{"start":{"line":24,"column":35},"end":{"line":29,"column":1}},"8":{"start":{"line":31,"column":28},"end":{"line":34,"column":1}},"9":{"start":{"line":36,"column":29},"end":{"line":42,"column":1}}},"fnMap":{"0":{"name":"(anonymous_0)","decl":{"start":{"line":7,"column":4},"end":{"line":7,"column":5}},"loc":{"start":{"line":7,"column":19},"end":{"line":7,"column":46}},"line":7},"1":{"name":"(anonymous_1)","decl":{"start":{"line":8,"column":4},"end":{"line":8,"column":5}},"loc":{"start":{"line":8,"column":20},"end":{"line":8,"column":49}},"line":8},"2":{"name":"(anonymous_2)","decl":{"start":{"line":14,"column":4},"end":{"line":14,"column":5}},"loc":{"start":{"line":14,"column":19},"end":{"line":14,"column":58}},"line":14}},"branchMap":{"0":{"loc":{"start":{"line":7,"column":29},"end":{"line":7,"column":41}},"type":"binary-expr","locations":[{"start":{"line":7,"column":29},"end":{"line":7,"column":34}},{"start":{"line":7,"column":38},"end":{"line":7,"column":41}}],"line":7},"1":{"loc":{"start":{"line":8,"column":31},"end":{"line":8,"column":44}},"type":"binary-expr","locations":[{"start":{"line":8,"column":31},"end":{"line":8,"column":37}},{"start":{"line":8,"column":41},"end":{"line":8,"column":44}}],"line":8},"2":{"loc":{"start":{"line":14,"column":29},"end":{"line":14,"column":53}},"type":"cond-expr","locations":[{"start":{"line":14,"column":37},"end":{"line":14,"column":47}},{"start":{"line":14,"column":50},"end":{"line":14,"column":53}}],"line":14}},"s":{"0":3,"1":3,"2":3,"3":3,"4":3,"5":3,"6":3,"7":3,"8":3,"9":3},"f":{"0":3,"1":3,"2":3},"b":{"0":[3,2],"1":[3,2],"2":[1,2]},"_coverageSchema":"43e27e138ebf9cfc5966b082cf9a028302ed4184","hash":"e2f3c876051892f6398012791eaceb0fd691fd31"}
,"/Users/tim/Desktop/code/movie-app/components/FavButton/index.tsx": {"path":"/Users/tim/Desktop/code/movie-app/components/FavButton/index.tsx","statementMap":{"0":{"start":{"line":5,"column":18},"end":{"line":9,"column":1}},"1":{"start":{"line":6,"column":2},"end":{"line":8,"column":9}}},"fnMap":{"0":{"name":"(anonymous_0)","decl":{"start":{"line":5,"column":18},"end":{"line":5,"column":19}},"loc":{"start":{"line":6,"column":2},"end":{"line":8,"column":9}},"line":6}},"branchMap":{},"s":{"0":3,"1":1},"f":{"0":1},"b":{},"_coverageSchema":"43e27e138ebf9cfc5966b082cf9a028302ed4184","hash":"f69ea3416ea34fda38b7952931e16352c2f60203"}
,"/Users/tim/Desktop/code/movie-app/components/Loader/index.tsx": {"path":"/Users/tim/Desktop/code/movie-app/components/Loader/index.tsx","statementMap":{"0":{"start":{"line":4,"column":15},"end":{"line":14,"column":2}},"1":{"start":{"line":16,"column":17},"end":{"line":20,"column":1}},"2":{"start":{"line":17,"column":2},"end":{"line":19,"column":9}}},"fnMap":{"0":{"name":"(anonymous_0)","decl":{"start":{"line":16,"column":17},"end":{"line":16,"column":18}},"loc":{"start":{"line":17,"column":2},"end":{"line":19,"column":9}},"line":17}},"branchMap":{},"s":{"0":3,"1":3,"2":3},"f":{"0":3},"b":{},"_coverageSchema":"43e27e138ebf9cfc5966b082cf9a028302ed4184","hash":"4620b653529dc46e2e4126adb577c05ef39a87e2"}
,"/Users/tim/Desktop/code/movie-app/components/SectionHeader/index.tsx": {"path":"/Users/tim/Desktop/code/movie-app/components/SectionHeader/index.tsx","statementMap":{"0":{"start":{"line":7,"column":2},"end":{"line":16,"column":4}}},"fnMap":{"0":{"name":"(anonymous_0)","decl":{"start":{"line":6,"column":15},"end":{"line":6,"column":16}},"loc":{"start":{"line":6,"column":56},"end":{"line":17,"column":1}},"line":6}},"branchMap":{"0":{"loc":{"start":{"line":6,"column":28},"end":{"line":6,"column":49}},"type":"default-arg","locations":[{"start":{"line":6,"column":39},"end":{"line":6,"column":49}}],"line":6}},"s":{"0":3},"f":{"0":3},"b":{"0":[2]},"_coverageSchema":"43e27e138ebf9cfc5966b082cf9a028302ed4184","hash":"32e47e2a8b7cd207267b896ad1c6897548da24fa"}
,"/Users/tim/Desktop/code/movie-app/components/SectionHeader/style.ts": {"path":"/Users/tim/Desktop/code/movie-app/components/SectionHeader/style.ts","statementMap":{"0":{"start":{"line":4,"column":29},"end":{"line":10,"column":1}},"1":{"start":{"line":12,"column":29},"end":{"line":18,"column":1}}},"fnMap":{},"branchMap":{},"s":{"0":3,"1":3},"f":{},"b":{},"_coverageSchema":"43e27e138ebf9cfc5966b082cf9a028302ed4184","hash":"29213a172474a1737ecce4361286e174cbccdbe9"}
,"/Users/tim/Desktop/code/movie-app/components/ShareButton/index.tsx": {"path":"/Users/tim/Desktop/code/movie-app/components/ShareButton/index.tsx","statementMap":{"0":{"start":{"line":5,"column":20},"end":{"line":9,"column":1}},"1":{"start":{"line":6,"column":2},"end":{"line":8,"column":9}}},"fnMap":{"0":{"name":"(anonymous_0)","decl":{"start":{"line":5,"column":20},"end":{"line":5,"column":21}},"loc":{"start":{"line":6,"column":2},"end":{"line":8,"column":9}},"line":6}},"branchMap":{},"s":{"0":3,"1":1},"f":{"0":1},"b":{},"_coverageSchema":"43e27e138ebf9cfc5966b082cf9a028302ed4184","hash":"0867bd0736616028640570c0903b540e535b41f3"}
,"/Users/tim/Desktop/code/movie-app/constants/index.ts": {"path":"/Users/tim/Desktop/code/movie-app/constants/index.ts","statementMap":{"0":{"start":{"line":1,"column":28},"end":{"line":1,"column":37}},"1":{"start":{"line":2,"column":24},"end":{"line":2,"column":41}},"2":{"start":{"line":3,"column":23},"end":{"line":3,"column":33}}},"fnMap":{},"branchMap":{},"s":{"0":2,"1":2,"2":2},"f":{},"b":{},"_coverageSchema":"43e27e138ebf9cfc5966b082cf9a028302ed4184","hash":"0eb38bb85c4e37bef6fdf5ee05a94676b3e96b86"}
,"/Users/tim/Desktop/code/movie-app/constants/movie.ts": {"path":"/Users/tim/Desktop/code/movie-app/constants/movie.ts","statementMap":{},"fnMap":{},"branchMap":{},"s":{},"f":{},"b":{},"_coverageSchema":"43e27e138ebf9cfc5966b082cf9a028302ed4184","hash":"089ab827d4ec380dd7e9101ab740a1bbb82d9811"}
,"/Users/tim/Desktop/code/movie-app/constants/movies.ts": {"path":"/Users/tim/Desktop/code/movie-app/constants/movies.ts","statementMap":{},"fnMap":{},"branchMap":{},"s":{},"f":{},"b":{},"_coverageSchema":"43e27e138ebf9cfc5966b082cf9a028302ed4184","hash":"20d8b40dede5eb18a7e7fcf1752db84d70c13b6b"}
,"/Users/tim/Desktop/code/movie-app/constants/styles.ts": {"path":"/Users/tim/Desktop/code/movie-app/constants/styles.ts","statementMap":{},"fnMap":{},"branchMap":{},"s":{},"f":{},"b":{},"_coverageSchema":"43e27e138ebf9cfc5966b082cf9a028302ed4184","hash":"e1ba3c81f7b1c2ed2da01ff292ccb5fd880763fe"}
,"/Users/tim/Desktop/code/movie-app/screens/Detail/index.tsx": {"path":"/Users/tim/Desktop/code/movie-app/screens/Detail/index.tsx","statementMap":{"0":{"start":{"line":43,"column":36},"end":{"line":43,"column":49}},"1":{"start":{"line":44,"column":36},"end":{"line":44,"column":50}},"2":{"start":{"line":45,"column":30},"end":{"line":45,"column":42}},"3":{"start":{"line":46,"column":26},"end":{"line":46,"column":31}},"4":{"start":{"line":47,"column":31},"end":{"line":47,"column":37}},"5":{"start":{"line":74,"column":6},"end":{"line":74,"column":11}},"6":{"start":{"line":76,"column":2},"end":{"line":85,"column":9}},"7":{"start":{"line":77,"column":4},"end":{"line":84,"column":7}},"8":{"start":{"line":80,"column":8},"end":{"line":80,"column":23}},"9":{"start":{"line":81,"column":8},"end":{"line":81,"column":28}},"10":{"start":{"line":82,"column":8},"end":{"line":82,"column":36}},"11":{"start":{"line":87,"column":17},"end":{"line":87,"column":46}},"12":{"start":{"line":88,"column":17},"end":{"line":88,"column":48}},"13":{"start":{"line":90,"column":2},"end":{"line":325,"column":4}},"14":{"start":{"line":174,"column":24},"end":{"line":178,"column":26}},"15":{"start":{"line":286,"column":20},"end":{"line":296,"column":22}}},"fnMap":{"0":{"name":"(anonymous_0)","decl":{"start":{"line":42,"column":15},"end":{"line":42,"column":16}},"loc":{"start":{"line":42,"column":42},"end":{"line":326,"column":1}},"line":42},"1":{"name":"(anonymous_1)","decl":{"start":{"line":76,"column":12},"end":{"line":76,"column":13}},"loc":{"start":{"line":76,"column":18},"end":{"line":85,"column":3}},"line":76},"2":{"name":"(anonymous_2)","decl":{"start":{"line":79,"column":16},"end":{"line":79,"column":17}},"loc":{"start":{"line":79,"column":24},"end":{"line":83,"column":7}},"line":79},"3":{"name":"(anonymous_3)","decl":{"start":{"line":173,"column":34},"end":{"line":173,"column":35}},"loc":{"start":{"line":173,"column":48},"end":{"line":179,"column":23}},"line":173},"4":{"name":"(anonymous_4)","decl":{"start":{"line":285,"column":30},"end":{"line":285,"column":31}},"loc":{"start":{"line":285,"column":44},"end":{"line":297,"column":19}},"line":285}},"branchMap":{"0":{"loc":{"start":{"line":46,"column":10},"end":{"line":46,"column":21}},"type":"default-arg","locations":[{"start":{"line":46,"column":19},"end":{"line":46,"column":21}}],"line":46},"1":{"loc":{"start":{"line":47,"column":10},"end":{"line":47,"column":26}},"type":"default-arg","locations":[{"start":{"line":47,"column":15},"end":{"line":47,"column":26}}],"line":47},"2":{"loc":{"start":{"line":87,"column":17},"end":{"line":87,"column":46}},"type":"cond-expr","locations":[{"start":{"line":87,"column":25},"end":{"line":87,"column":41}},{"start":{"line":87,"column":44},"end":{"line":87,"column":46}}],"line":87},"3":{"loc":{"start":{"line":88,"column":17},"end":{"line":88,"column":48}},"type":"cond-expr","locations":[{"start":{"line":88,"column":26},"end":{"line":88,"column":43}},{"start":{"line":88,"column":46},"end":{"line":88,"column":48}}],"line":88},"4":{"loc":{"start":{"line":95,"column":11},"end":{"line":321,"column":11}},"type":"cond-expr","locations":[{"start":{"line":96,"column":12},"end":{"line":318,"column":25}},{"start":{"line":320,"column":12},"end":{"line":320,"column":22}}],"line":95}},"s":{"0":1,"1":1,"2":1,"3":1,"4":1,"5":1,"6":1,"7":1,"8":0,"9":0,"10":0,"11":1,"12":1,"13":1,"14":0,"15":0},"f":{"0":1,"1":1,"2":0,"3":0,"4":0},"b":{"0":[1],"1":[1],"2":[1,0],"3":[1,0],"4":[0,1]},"_coverageSchema":"43e27e138ebf9cfc5966b082cf9a028302ed4184","hash":"d1db80849aab92b0d1827324ae08dcf12d24e724"}
,"/Users/tim/Desktop/code/movie-app/screens/Detail/style.ts": {"path":"/Users/tim/Desktop/code/movie-app/screens/Detail/style.ts","statementMap":{"0":{"start":{"line":7,"column":22},"end":{"line":16,"column":2}},"1":{"start":{"line":18,"column":25},"end":{"line":21,"column":1}},"2":{"start":{"line":23,"column":29},"end":{"line":25,"column":1}},"3":{"start":{"line":27,"column":29},"end":{"line":33,"column":1}},"4":{"start":{"line":35,"column":27},"end":{"line":42,"column":1}},"5":{"start":{"line":44,"column":26},"end":{"line":49,"column":1}},"6":{"start":{"line":51,"column":34},"end":{"line":57,"column":1}},"7":{"start":{"line":59,"column":27},"end":{"line":66,"column":1}},"8":{"start":{"line":68,"column":23},"end":{"line":74,"column":1}},"9":{"start":{"line":76,"column":32},"end":{"line":78,"column":1}},"10":{"start":{"line":80,"column":25},"end":{"line":86,"column":1}},"11":{"start":{"line":88,"column":37},"end":{"line":90,"column":1}},"12":{"start":{"line":92,"column":30},"end":{"line":98,"column":1}},"13":{"start":{"line":99,"column":35},"end":{"line":101,"column":1}},"14":{"start":{"line":102,"column":29},"end":{"line":108,"column":1}},"15":{"start":{"line":110,"column":24},"end":{"line":114,"column":1}},"16":{"start":{"line":116,"column":25},"end":{"line":120,"column":1}},"17":{"start":{"line":122,"column":23},"end":{"line":126,"column":1}},"18":{"start":{"line":128,"column":27},"end":{"line":131,"column":1}},"19":{"start":{"line":133,"column":29},"end":{"line":138,"column":1}},"20":{"start":{"line":139,"column":29},"end":{"line":144,"column":1}},"21":{"start":{"line":146,"column":29},"end":{"line":152,"column":1}},"22":{"start":{"line":154,"column":25},"end":{"line":161,"column":1}}},"fnMap":{},"branchMap":{},"s":{"0":1,"1":1,"2":1,"3":1,"4":1,"5":1,"6":1,"7":1,"8":1,"9":1,"10":1,"11":1,"12":1,"13":1,"14":1,"15":1,"16":1,"17":1,"18":1,"19":1,"20":1,"21":1,"22":1},"f":{},"b":{},"_coverageSchema":"43e27e138ebf9cfc5966b082cf9a028302ed4184","hash":"d795700b03502675691213be2dddb44592ea7194"}
,"/Users/tim/Desktop/code/movie-app/screens/List/index.tsx": {"path":"/Users/tim/Desktop/code/movie-app/screens/List/index.tsx","statementMap":{"0":{"start":{"line":25,"column":6},"end":{"line":25,"column":19}},"1":{"start":{"line":26,"column":36},"end":{"line":26,"column":50}},"2":{"start":{"line":27,"column":30},"end":{"line":27,"column":42}},"3":{"start":{"line":28,"column":48},"end":{"line":28,"column":63}},"4":{"start":{"line":30,"column":2},"end":{"line":58,"column":9}},"5":{"start":{"line":31,"column":4},"end":{"line":39,"column":7}},"6":{"start":{"line":35,"column":8},"end":{"line":35,"column":24}},"7":{"start":{"line":36,"column":8},"end":{"line":36,"column":28}},"8":{"start":{"line":37,"column":8},"end":{"line":37,"column":36}},"9":{"start":{"line":40,"column":4},"end":{"line":48,"column":7}},"10":{"start":{"line":44,"column":8},"end":{"line":44,"column":24}},"11":{"start":{"line":45,"column":8},"end":{"line":45,"column":28}},"12":{"start":{"line":46,"column":8},"end":{"line":46,"column":36}},"13":{"start":{"line":49,"column":4},"end":{"line":57,"column":7}},"14":{"start":{"line":53,"column":8},"end":{"line":53,"column":26}},"15":{"start":{"line":54,"column":8},"end":{"line":54,"column":28}},"16":{"start":{"line":55,"column":8},"end":{"line":55,"column":36}},"17":{"start":{"line":60,"column":2},"end":{"line":89,"column":15}},"18":{"start":{"line":61,"column":4},"end":{"line":88,"column":5}},"19":{"start":{"line":62,"column":6},"end":{"line":69,"column":9}},"20":{"start":{"line":66,"column":10},"end":{"line":66,"column":26}},"21":{"start":{"line":67,"column":10},"end":{"line":67,"column":38}},"22":{"start":{"line":70,"column":6},"end":{"line":78,"column":9}},"23":{"start":{"line":74,"column":10},"end":{"line":74,"column":26}},"24":{"start":{"line":75,"column":10},"end":{"line":75,"column":30}},"25":{"start":{"line":76,"column":10},"end":{"line":76,"column":38}},"26":{"start":{"line":79,"column":6},"end":{"line":87,"column":9}},"27":{"start":{"line":83,"column":10},"end":{"line":83,"column":28}},"28":{"start":{"line":84,"column":10},"end":{"line":84,"column":30}},"29":{"start":{"line":85,"column":10},"end":{"line":85,"column":38}},"30":{"start":{"line":91,"column":27},"end":{"line":93,"column":3}},"31":{"start":{"line":92,"column":4},"end":{"line":92,"column":42}},"32":{"start":{"line":95,"column":2},"end":{"line":210,"column":4}},"33":{"start":{"line":118,"column":31},"end":{"line":118,"column":55}},"34":{"start":{"line":151,"column":20},"end":{"line":157,"column":22}},"35":{"start":{"line":170,"column":20},"end":{"line":178,"column":22}},"36":{"start":{"line":191,"column":20},"end":{"line":199,"column":22}}},"fnMap":{"0":{"name":"(anonymous_0)","decl":{"start":{"line":16,"column":15},"end":{"line":16,"column":16}},"loc":{"start":{"line":16,"column":35},"end":{"line":211,"column":1}},"line":16},"1":{"name":"(anonymous_1)","decl":{"start":{"line":30,"column":12},"end":{"line":30,"column":13}},"loc":{"start":{"line":30,"column":18},"end":{"line":58,"column":3}},"line":30},"2":{"name":"(anonymous_2)","decl":{"start":{"line":34,"column":16},"end":{"line":34,"column":17}},"loc":{"start":{"line":34,"column":24},"end":{"line":38,"column":7}},"line":34},"3":{"name":"(anonymous_3)","decl":{"start":{"line":43,"column":16},"end":{"line":43,"column":17}},"loc":{"start":{"line":43,"column":24},"end":{"line":47,"column":7}},"line":43},"4":{"name":"(anonymous_4)","decl":{"start":{"line":52,"column":16},"end":{"line":52,"column":17}},"loc":{"start":{"line":52,"column":24},"end":{"line":56,"column":7}},"line":52},"5":{"name":"(anonymous_5)","decl":{"start":{"line":60,"column":12},"end":{"line":60,"column":13}},"loc":{"start":{"line":60,"column":18},"end":{"line":89,"column":3}},"line":60},"6":{"name":"(anonymous_6)","decl":{"start":{"line":65,"column":18},"end":{"line":65,"column":19}},"loc":{"start":{"line":65,"column":26},"end":{"line":68,"column":9}},"line":65},"7":{"name":"(anonymous_7)","decl":{"start":{"line":73,"column":18},"end":{"line":73,"column":19}},"loc":{"start":{"line":73,"column":26},"end":{"line":77,"column":9}},"line":73},"8":{"name":"(anonymous_8)","decl":{"start":{"line":82,"column":18},"end":{"line":82,"column":19}},"loc":{"start":{"line":82,"column":26},"end":{"line":86,"column":9}},"line":82},"9":{"name":"(anonymous_9)","decl":{"start":{"line":91,"column":27},"end":{"line":91,"column":28}},"loc":{"start":{"line":91,"column":43},"end":{"line":93,"column":3}},"line":91},"10":{"name":"(anonymous_10)","decl":{"start":{"line":118,"column":25},"end":{"line":118,"column":26}},"loc":{"start":{"line":118,"column":31},"end":{"line":118,"column":55}},"line":118},"11":{"name":"(anonymous_11)","decl":{"start":{"line":150,"column":30},"end":{"line":150,"column":31}},"loc":{"start":{"line":150,"column":44},"end":{"line":158,"column":19}},"line":150},"12":{"name":"(anonymous_12)","decl":{"start":{"line":169,"column":30},"end":{"line":169,"column":31}},"loc":{"start":{"line":169,"column":44},"end":{"line":179,"column":19}},"line":169},"13":{"name":"(anonymous_13)","decl":{"start":{"line":190,"column":32},"end":{"line":190,"column":33}},"loc":{"start":{"line":190,"column":46},"end":{"line":200,"column":19}},"line":190}},"branchMap":{"0":{"loc":{"start":{"line":61,"column":4},"end":{"line":88,"column":5}},"type":"if","locations":[{"start":{"line":61,"column":4},"end":{"line":88,"column":5}},{"start":{"line":61,"column":4},"end":{"line":88,"column":5}}],"line":61},"1":{"loc":{"start":{"line":132,"column":11},"end":{"line":139,"column":11}},"type":"binary-expr","locations":[{"start":{"line":132,"column":11},"end":{"line":132,"column":26}},{"start":{"line":133,"column":12},"end":{"line":138,"column":14}}],"line":132},"2":{"loc":{"start":{"line":140,"column":11},"end":{"line":206,"column":11}},"type":"cond-expr","locations":[{"start":{"line":141,"column":12},"end":{"line":203,"column":25}},{"start":{"line":205,"column":12},"end":{"line":205,"column":22}}],"line":140}},"s":{"0":1,"1":1,"2":1,"3":1,"4":1,"5":1,"6":0,"7":0,"8":0,"9":1,"10":0,"11":0,"12":0,"13":1,"14":0,"15":0,"16":0,"17":1,"18":1,"19":0,"20":0,"21":0,"22":0,"23":0,"24":0,"25":0,"26":0,"27":0,"28":0,"29":0,"30":1,"31":0,"32":1,"33":0,"34":0,"35":0,"36":0},"f":{"0":1,"1":1,"2":0,"3":0,"4":0,"5":1,"6":0,"7":0,"8":0,"9":0,"10":0,"11":0,"12":0,"13":0},"b":{"0":[0,1],"1":[1,0],"2":[0,1]},"_coverageSchema":"43e27e138ebf9cfc5966b082cf9a028302ed4184","hash":"01605857a8f9a263d0c9030da26dddc49c9f81d1"}
,"/Users/tim/Desktop/code/movie-app/screens/List/style.ts": {"path":"/Users/tim/Desktop/code/movie-app/screens/List/style.ts","statementMap":{"0":{"start":{"line":5,"column":27},"end":{"line":7,"column":2}},"1":{"start":{"line":9,"column":25},"end":{"line":14,"column":1}},"2":{"start":{"line":16,"column":31},"end":{"line":16,"column":50}},"3":{"start":{"line":18,"column":22},"end":{"line":77,"column":2}}},"fnMap":{},"branchMap":{},"s":{"0":1,"1":1,"2":1,"3":1},"f":{},"b":{},"_coverageSchema":"43e27e138ebf9cfc5966b082cf9a028302ed4184","hash":"108dead0500891720b39c209159c1cf8dad2aa86"}
,"/Users/tim/Desktop/code/movie-app/store/index.ts": {"path":"/Users/tim/Desktop/code/movie-app/store/index.ts","statementMap":{"0":{"start":{"line":34,"column":19},"end":{"line":53,"column":1}},"1":{"start":{"line":36,"column":26},"end":{"line":36,"column":44}},"2":{"start":{"line":37,"column":30},"end":{"line":37,"column":64}},"3":{"start":{"line":38,"column":30},"end":{"line":38,"column":64}},"4":{"start":{"line":39,"column":34},"end":{"line":39,"column":68}},"5":{"start":{"line":40,"column":28},"end":{"line":40,"column":54}},"6":{"start":{"line":41,"column":2},"end":{"line":52,"column":4}}},"fnMap":{"0":{"name":"(anonymous_0)","decl":{"start":{"line":34,"column":19},"end":{"line":34,"column":20}},"loc":{"start":{"line":34,"column":56},"end":{"line":53,"column":1}},"line":34}},"branchMap":{"0":{"loc":{"start":{"line":34,"column":22},"end":{"line":34,"column":49}},"type":"default-arg","locations":[{"start":{"line":34,"column":33},"end":{"line":34,"column":49}}],"line":34}},"s":{"0":2,"1":2,"2":2,"3":2,"4":2,"5":2,"6":2},"f":{"0":2},"b":{"0":[2]},"_coverageSchema":"43e27e138ebf9cfc5966b082cf9a028302ed4184","hash":"9c1f7819774fc5cd580698c6bbbc1b2a04398131"}
}
