{"/Users/tim/Desktop/code/movie-app/assets/icon-arrow-left.png": {"path":"/Users/tim/Desktop/code/movie-app/assets/icon-arrow-left.png","statementMap":{"0":{"start":{"line":1,"column":0},"end":{"line":1,"column":19}}},"fnMap":{},"branchMap":{},"s":{"0":1},"f":{},"b":{},"_coverageSchema":"43e27e138ebf9cfc5966b082cf9a028302ed4184","hash":"98598043c53fd87ea21bda7b2320bf802c0d5f4f"}
,"/Users/tim/Desktop/code/movie-app/components/BackButton/index.tsx": {"path":"/Users/tim/Desktop/code/movie-app/components/BackButton/index.tsx","statementMap":{"0":{"start":{"line":4,"column":15},"end":{"line":10,"column":2}},"1":{"start":{"line":12,"column":19},"end":{"line":17,"column":1}},"2":{"start":{"line":13,"column":2},"end":{"line":16,"column":4}}},"fnMap":{"0":{"name":"(anonymous_0)","decl":{"start":{"line":12,"column":19},"end":{"line":12,"column":20}},"loc":{"start":{"line":13,"column":2},"end":{"line":16,"column":4}},"line":13}},"branchMap":{},"s":{"0":1,"1":1,"2":1},"f":{"0":1},"b":{},"_coverageSchema":"43e27e138ebf9cfc5966b082cf9a028302ed4184","hash":"576d6055bef33aec2aa122a611bce74e1e50d2ea"}
}
