TN:
SF:/Users/tim/Desktop/code/movie-app/api/detail.ts
FN:9,(anonymous_0)
FNF:1
FNH:1
FNDA:1,(anonymous_0)
DA:9,1
DA:10,1
DA:11,1
DA:14,0
DA:15,0
DA:16,0
LF:6
LH:3
BRDA:15,0,0,0
BRDA:15,0,1,0
BRF:2
BRH:0
end_of_record
TN:
SF:/Users/tim/Desktop/code/movie-app/api/list.ts
FN:10,(anonymous_0)
FNF:1
FNH:1
FNDA:3,(anonymous_0)
DA:10,1
DA:11,3
DA:12,3
DA:15,0
DA:16,0
LF:5
LH:3
BRDA:15,0,0,0
BRDA:15,0,1,0
BRDA:15,1,0,0
BRDA:15,1,1,0
BRF:4
BRH:0
end_of_record
TN:
SF:/Users/tim/Desktop/code/movie-app/assets/icon-arrow-left.png
FNF:0
FNH:0
DA:1,1
LF:1
LH:1
BRF:0
BRH:0
end_of_record
TN:
SF:/Users/tim/Desktop/code/movie-app/components/index.ts
FNF:0
FNH:0
LF:0
LH:0
BRF:0
BRH:0
end_of_record
TN:
SF:/Users/tim/Desktop/code/movie-app/components/BackButton/index.tsx
FN:12,(anonymous_0)
FNF:1
FNH:1
FNDA:1,(anonymous_0)
DA:4,3
DA:12,3
DA:13,1
LF:3
LH:3
BRF:0
BRH:0
end_of_record
TN:
SF:/Users/tim/Desktop/code/movie-app/components/CardMovie/index.tsx
FN:30,(anonymous_0)
FN:33,(anonymous_1)
FNF:2
FNH:2
FNDA:3,(anonymous_0)
FNDA:1,(anonymous_1)
DA:31,3
DA:33,3
DA:34,1
DA:35,1
DA:39,3
LF:5
LH:5
BRDA:34,0,0,1
BRDA:34,0,1,0
BRF:2
BRH:1
end_of_record
TN:
SF:/Users/tim/Desktop/code/movie-app/components/CardMovie/style.ts
FN:7,(anonymous_0)
FN:8,(anonymous_1)
FN:14,(anonymous_2)
FNF:3
FNH:3
FNDA:3,(anonymous_0)
FNDA:3,(anonymous_1)
FNDA:3,(anonymous_2)
DA:3,3
DA:6,3
DA:7,3
DA:8,3
DA:11,3
DA:14,3
DA:16,3
DA:24,3
DA:31,3
DA:36,3
LF:10
LH:10
BRDA:7,0,0,3
BRDA:7,0,1,2
BRDA:8,1,0,3
BRDA:8,1,1,2
BRDA:14,2,0,1
BRDA:14,2,1,2
BRF:6
BRH:6
end_of_record
TN:
SF:/Users/tim/Desktop/code/movie-app/components/FavButton/index.tsx
FN:5,(anonymous_0)
FNF:1
FNH:1
FNDA:1,(anonymous_0)
DA:5,3
DA:6,1
LF:2
LH:2
BRF:0
BRH:0
end_of_record
TN:
SF:/Users/tim/Desktop/code/movie-app/components/Loader/index.tsx
FN:16,(anonymous_0)
FNF:1
FNH:1
FNDA:3,(anonymous_0)
DA:4,3
DA:16,3
DA:17,3
LF:3
LH:3
BRF:0
BRH:0
end_of_record
TN:
SF:/Users/tim/Desktop/code/movie-app/components/SectionHeader/index.tsx
FN:6,(anonymous_0)
FNF:1
FNH:1
FNDA:3,(anonymous_0)
DA:7,3
LF:1
LH:1
BRDA:6,0,0,2
BRF:1
BRH:1
end_of_record
TN:
SF:/Users/tim/Desktop/code/movie-app/components/SectionHeader/style.ts
FNF:0
FNH:0
DA:4,3
DA:12,3
LF:2
LH:2
BRF:0
BRH:0
end_of_record
TN:
SF:/Users/tim/Desktop/code/movie-app/components/ShareButton/index.tsx
FN:5,(anonymous_0)
FNF:1
FNH:1
FNDA:1,(anonymous_0)
DA:5,3
DA:6,1
LF:2
LH:2
BRF:0
BRH:0
end_of_record
TN:
SF:/Users/tim/Desktop/code/movie-app/constants/index.ts
FNF:0
FNH:0
DA:1,2
DA:2,2
DA:3,2
LF:3
LH:3
BRF:0
BRH:0
end_of_record
TN:
SF:/Users/tim/Desktop/code/movie-app/constants/movie.ts
FNF:0
FNH:0
LF:0
LH:0
BRF:0
BRH:0
end_of_record
TN:
SF:/Users/tim/Desktop/code/movie-app/constants/movies.ts
FNF:0
FNH:0
LF:0
LH:0
BRF:0
BRH:0
end_of_record
TN:
SF:/Users/tim/Desktop/code/movie-app/constants/styles.ts
FNF:0
FNH:0
LF:0
LH:0
BRF:0
BRH:0
end_of_record
TN:
SF:/Users/tim/Desktop/code/movie-app/screens/Detail/index.tsx
FN:42,(anonymous_0)
FN:76,(anonymous_1)
FN:79,(anonymous_2)
FN:173,(anonymous_3)
FN:285,(anonymous_4)
FNF:5
FNH:2
FNDA:1,(anonymous_0)
FNDA:1,(anonymous_1)
FNDA:0,(anonymous_2)
FNDA:0,(anonymous_3)
FNDA:0,(anonymous_4)
DA:43,1
DA:44,1
DA:45,1
DA:46,1
DA:47,1
DA:74,1
DA:76,1
DA:77,1
DA:80,0
DA:81,0
DA:82,0
DA:87,1
DA:88,1
DA:90,1
DA:174,0
DA:286,0
LF:16
LH:11
BRDA:46,0,0,1
BRDA:47,1,0,1
BRDA:87,2,0,1
BRDA:87,2,1,0
BRDA:88,3,0,1
BRDA:88,3,1,0
BRDA:95,4,0,0
BRDA:95,4,1,1
BRF:8
BRH:5
end_of_record
TN:
SF:/Users/tim/Desktop/code/movie-app/screens/Detail/style.ts
FNF:0
FNH:0
DA:7,1
DA:18,1
DA:23,1
DA:27,1
DA:35,1
DA:44,1
DA:51,1
DA:59,1
DA:68,1
DA:76,1
DA:80,1
DA:88,1
DA:92,1
DA:99,1
DA:102,1
DA:110,1
DA:116,1
DA:122,1
DA:128,1
DA:133,1
DA:139,1
DA:146,1
DA:154,1
LF:23
LH:23
BRF:0
BRH:0
end_of_record
TN:
SF:/Users/tim/Desktop/code/movie-app/screens/List/index.tsx
FN:16,(anonymous_0)
FN:30,(anonymous_1)
FN:34,(anonymous_2)
FN:43,(anonymous_3)
FN:52,(anonymous_4)
FN:60,(anonymous_5)
FN:65,(anonymous_6)
FN:73,(anonymous_7)
FN:82,(anonymous_8)
FN:91,(anonymous_9)
FN:118,(anonymous_10)
FN:150,(anonymous_11)
FN:169,(anonymous_12)
FN:190,(anonymous_13)
FNF:14
FNH:3
FNDA:1,(anonymous_0)
FNDA:1,(anonymous_1)
FNDA:0,(anonymous_2)
FNDA:0,(anonymous_3)
FNDA:0,(anonymous_4)
FNDA:1,(anonymous_5)
FNDA:0,(anonymous_6)
FNDA:0,(anonymous_7)
FNDA:0,(anonymous_8)
FNDA:0,(anonymous_9)
FNDA:0,(anonymous_10)
FNDA:0,(anonymous_11)
FNDA:0,(anonymous_12)
FNDA:0,(anonymous_13)
DA:25,1
DA:26,1
DA:27,1
DA:28,1
DA:30,1
DA:31,1
DA:35,0
DA:36,0
DA:37,0
DA:40,1
DA:44,0
DA:45,0
DA:46,0
DA:49,1
DA:53,0
DA:54,0
DA:55,0
DA:60,1
DA:61,1
DA:62,0
DA:66,0
DA:67,0
DA:70,0
DA:74,0
DA:75,0
DA:76,0
DA:79,0
DA:83,0
DA:84,0
DA:85,0
DA:91,1
DA:92,0
DA:95,1
DA:118,0
DA:151,0
DA:170,0
DA:191,0
LF:37
LH:12
BRDA:61,0,0,0
BRDA:61,0,1,1
BRDA:132,1,0,1
BRDA:132,1,1,0
BRDA:140,2,0,0
BRDA:140,2,1,1
BRF:6
BRH:3
end_of_record
TN:
SF:/Users/tim/Desktop/code/movie-app/screens/List/style.ts
FNF:0
FNH:0
DA:5,1
DA:9,1
DA:16,1
DA:18,1
LF:4
LH:4
BRF:0
BRH:0
end_of_record
TN:
SF:/Users/tim/Desktop/code/movie-app/store/index.ts
FN:34,(anonymous_0)
FNF:1
FNH:1
FNDA:2,(anonymous_0)
DA:34,2
DA:36,2
DA:37,2
DA:38,2
DA:39,2
DA:40,2
DA:41,2
LF:7
LH:7
BRDA:34,0,0,2
BRF:1
BRH:1
end_of_record
